0 info it worked if it ends with ok
1 verbose cli [ 'C:\\Program Files\\nodejs\\node.exe',
1 verbose cli   'C:\\Users\\schr1ger\\AppData\\Roaming\\npm\\node_modules\\npm\\bin\\npm-cli.js',
1 verbose cli   'install',
1 verbose cli   '--global',
1 verbose cli   'less' ]
2 info using npm@3.10.5
3 info using node@v10.12.0
4 verbose stack Error: EPERM: operation not permitted, mkdir 'C:\Users\trufanov'
5 verbose cwd G:\OpenServer\domains\getbike.lo
6 error Windows_NT 10.0.17134
7 error argv "C:\\Program Files\\nodejs\\node.exe" "C:\\Users\\schr1ger\\AppData\\Roaming\\npm\\node_modules\\npm\\bin\\npm-cli.js" "install" "--global" "less"
8 error node v10.12.0
9 error npm  v3.10.5
10 error path C:\Users\trufanov
11 error code EPERM
12 error errno -4048
13 error syscall mkdir
14 error Error: EPERM: operation not permitted, mkdir 'C:\Users\trufanov'
14 error  { [Error: EPERM: operation not permitted, mkdir 'C:\Users\trufanov']
14 error   errno: -4048,
14 error   code: 'EPERM',
14 error   syscall: 'mkdir',
14 error   path: 'C:\\Users\\trufanov' }
15 error Please try running this command again as root/Administrator.
16 verbose exit [ -4048, true ]
